The system is: Windows - 10.0.19045 - AMD64
Compiling the C compiler identification source file "CMakeCCompilerId.c" succeeded.
Compiler: C:/Program Files (x86)/Microsoft Visual Studio/2019/Community/VC/Tools/MSVC/14.29.30133/bin/Hostx64/x64/cl.exe 
Build flags: 
Id flags:  

The output was:
0
Microsoft (R) C/C++ wersja kompilatora optymalizującego 19.29.30147 dla x64
Copyright (C) Microsoft Corporation. Wszystkie prawa zastrzeżone.

CMakeCCompilerId.c
Microsoft (R) Incremental Linker Version 14.29.30147.0
Copyright (C) Microsoft Corporation.  All rights reserved.

/out:CMakeCCompilerId.exe 
CMakeCCompilerId.obj 


Compilation of the C compiler identification source "CMakeCCompilerId.c" produced "CMakeCCompilerId.exe"

Compilation of the C compiler identification source "CMakeCCompilerId.c" produced "CMakeCCompilerId.obj"

The C compiler identification is MSVC, found in "C:/Programming Projects/JAProjekt/CppDll/cmake-build-debug/CMakeFiles/3.22.3/CompilerIdC/CMakeCCompilerId.exe"

Compiling the CXX compiler identification source file "CMakeCXXCompilerId.cpp" succeeded.
Compiler: C:/Program Files (x86)/Microsoft Visual Studio/2019/Community/VC/Tools/MSVC/14.29.30133/bin/Hostx64/x64/cl.exe 
Build flags: 
Id flags:  

The output was:
0
Microsoft (R) C/C++ wersja kompilatora optymalizującego 19.29.30147 dla x64
Copyright (C) Microsoft Corporation. Wszystkie prawa zastrzeżone.

CMakeCXXCompilerId.cpp
Microsoft (R) Incremental Linker Version 14.29.30147.0
Copyright (C) Microsoft Corporation.  All rights reserved.

/out:CMakeCXXCompilerId.exe 
CMakeCXXCompilerId.obj 


Compilation of the CXX compiler identification source "CMakeCXXCompilerId.cpp" produced "CMakeCXXCompilerId.exe"

Compilation of the CXX compiler identification source "CMakeCXXCompilerId.cpp" produced "CMakeCXXCompilerId.obj"

The CXX compiler identification is MSVC, found in "C:/Programming Projects/JAProjekt/CppDll/cmake-build-debug/CMakeFiles/3.22.3/CompilerIdCXX/CMakeCXXCompilerId.exe"

Detecting C compiler ABI info compiled with the following output:
Change Dir: C:/Programming Projects/JAProjekt/CppDll/cmake-build-debug/CMakeFiles/CMakeTmp

Run Build Command(s):C:/Users/Damian/AppData/Local/JetBrains/Toolbox/apps/CLion/ch-0/221.5787.29/bin/ninja/win/ninja.exe cmTC_782ee && [1/2] Building C object CMakeFiles\cmTC_782ee.dir\CMakeCCompilerABI.c.obj
[2/2] Linking C executable cmTC_782ee.exe



Detecting CXX compiler ABI info compiled with the following output:
Change Dir: C:/Programming Projects/JAProjekt/CppDll/cmake-build-debug/CMakeFiles/CMakeTmp

Run Build Command(s):C:/Users/Damian/AppData/Local/JetBrains/Toolbox/apps/CLion/ch-0/221.5787.29/bin/ninja/win/ninja.exe cmTC_e4d64 && [1/2] Building CXX object CMakeFiles\cmTC_e4d64.dir\CMakeCXXCompilerABI.cpp.obj
[2/2] Linking CXX executable cmTC_e4d64.exe



