c:\programming projects\japrojekt\japrojekt\x64\debug\jaasm.lib
c:\programming projects\japrojekt\japrojekt\x64\debug\jaasm.exp
c:\programming projects\japrojekt1\japrojekt\x64\debug\jaasm.lib
c:\programming projects\japrojekt1\japrojekt\x64\debug\jaasm.exp
c:\users\agag6\onedrive\desktop\studia - semestr 5\języki asemblerowe - projekt\japrojekt\japrojekt\x64\debug\jaasm.lib
c:\users\agag6\onedrive\desktop\studia - semestr 5\języki asemblerowe - projekt\japrojekt\japrojekt\x64\debug\jaasm.exp
c:\programming projects\japrojekt1\japrojekt\x64\debug\jaasm.dll
c:\programming projects\japrojekt1\japrojekt\jaasm\x64\debug\jaasm.ilk
c:\programming projects\japrojekt1\japrojekt\x64\debug\jaasm.pdb
c:\users\agag6\onedrive\desktop\studia - semestr 5\języki asemblerowe - projekt\japrojekt\japrojekt\jaasm\x64\debug\jaasm.ilk
c:\users\agag6\onedrive\desktop\studia - semestr 5\języki asemblerowe - projekt\japrojekt\japrojekt\x64\debug\jaasm.dll
c:\users\agag6\onedrive\desktop\studia - semestr 5\języki asemblerowe - projekt\japrojekt\japrojekt\x64\debug\jaasm.pdb
c:\users\agag6\onedrive\desktop\studia - semestr 5\języki asemblerowe - projekt\japrojekt\japrojekt\jaasm\x64\debug\jaasm.obj
c:\users\agag6\onedrive\desktop\studia - semestr 5\języki asemblerowe - projekt\japrojekt\japrojekt\jaasm\x64\debug\jaasm.tlog\jaasm.write.1u.tlog
c:\users\agag6\onedrive\desktop\studia - semestr 5\języki asemblerowe - projekt\japrojekt\japrojekt\jaasm\x64\debug\jaasm.tlog\link.command.1.tlog
c:\users\agag6\onedrive\desktop\studia - semestr 5\języki asemblerowe - projekt\japrojekt\japrojekt\jaasm\x64\debug\jaasm.tlog\link.delete.1.tlog
c:\users\agag6\onedrive\desktop\studia - semestr 5\języki asemblerowe - projekt\japrojekt\japrojekt\jaasm\x64\debug\jaasm.tlog\link.read.1.tlog
c:\users\agag6\onedrive\desktop\studia - semestr 5\języki asemblerowe - projekt\japrojekt\japrojekt\jaasm\x64\debug\jaasm.tlog\link.write.1.tlog
c:\users\agag6\onedrive\desktop\studia - semestr 5\języki asemblerowe - projekt\japrojekt\japrojekt\jaasm\x64\debug\jaasm.tlog\masm.read.1u.tlog
c:\users\agag6\onedrive\desktop\studia - semestr 5\języki asemblerowe - projekt\japrojekt\japrojekt\jaasm\x64\debug\jaasm.tlog\masm.write.1u.tlog
